-------------------------------------------------------------------------------
Test set: warehouse.data.ItemDbRepositoryTest
-------------------------------------------------------------------------------
Tests run: 5, Failures: 1, Errors: 0, Skipped: 0, Time elapsed: 2.074 s <<< FAILURE! - in warehouse.data.ItemDbRepositoryTest
shouldAddItem  Time elapsed: 0.021 s  <<< FAILURE!
org.opentest4j.AssertionFailedError: expected: <4> but was: <5>
	at warehouse.data.ItemDbRepositoryTest.shouldAddItem(ItemDbRepositoryTest.java:53)

