-------------------------------------------------------------------------------
Test set: warehouse.controllers.ItemControllerTest
-------------------------------------------------------------------------------
Tests run: 4, Failures: 1, Errors: 0, Skipped: 0, Time elapsed: 5.401 s <<< FAILURE! - in warehouse.controllers.ItemControllerTest
addShouldReturn201  Time elapsed: 0.033 s  <<< FAILURE!
java.lang.AssertionError: Status expected:<201> but was:<400>
	at warehouse.controllers.ItemControllerTest.addShouldReturn201(ItemControllerTest.java:125)

